#
# A fatal error has been detected by the Java Runtime Environment:
#
#  Internal Error (javaClasses.cpp:126), pid=11812, tid=11596
#  fatal error: Invalid layout of preloaded class
#
# JRE version:  (8.0_25-b18) (build )
# Java VM: Java HotSpot(TM) 64-Bit Server VM (25.25-b02 mixed mode windows-amd64 compressed oops)
# Failed to write core dump. Minidumps are not enabled by default on client versions of Windows
#
# If you would like to submit a bug report, please visit:
#   http://bugreport.sun.com/bugreport/crash.jsp
#

---------------  T H R E A D  ---------------

Current thread (0x0000000002080800):  JavaThread "Unknown thread" [_thread_in_vm, id=11596, stack(0x0000000001f80000,0x0000000002080000)]

Stack: [0x0000000001f80000,0x0000000002080000]
Native frames: (J=compiled Java code, j=interpreted, Vv=VM code, C=native code)
V  [jvm.dll+0x31667a]
V  [jvm.dll+0x267073]
V  [jvm.dll+0x267cb3]
V  [jvm.dll+0x25f536]
V  [jvm.dll+0x5e773]
V  [jvm.dll+0x5e863]
V  [jvm.dll+0x731ca]
V  [jvm.dll+0x73528]
V  [jvm.dll+0xe48b7]
V  [jvm.dll+0xe4c46]
V  [jvm.dll+0x1f9ae7]
V  [jvm.dll+0x22b2e4]
V  [jvm.dll+0x14d571]
C  [javaw.exe+0x20c6]
C  [javaw.exe+0xc9eb]
C  [javaw.exe+0xca7f]
C  [KERNEL32.DLL+0x13d2]
C  [ntdll.dll+0x15444]


---------------  P R O C E S S  ---------------

Java Threads: ( => current thread )

Other Threads:

=>0x0000000002080800 (exited) JavaThread "Unknown thread" [_thread_in_vm, id=11596, stack(0x0000000001f80000,0x0000000002080000)]

VM state:not at safepoint (not fully initialized)

VM Mutex/Monitor currently owned by a thread: None

GC Heap History (0 events):
No events

Deoptimization events (0 events):
No events

Internal exceptions (0 events):
No events

Events (10 events):
Event: 0.034 loading class java/lang/CharSequence done
Event: 0.034 loading class java/lang/String done
Event: 0.034 loading class java/lang/Class
Event: 0.034 loading class java/lang/reflect/AnnotatedElement
Event: 0.034 loading class java/lang/reflect/AnnotatedElement done
Event: 0.034 loading class java/lang/reflect/GenericDeclaration
Event: 0.034 loading class java/lang/reflect/GenericDeclaration done
Event: 0.034 loading class java/lang/reflect/Type
Event: 0.034 loading class java/lang/reflect/Type done
Event: 0.035 loading class java/lang/Class done


Dynamic libraries:
0x00007ff7e1df0000 - 0x00007ff7e1e24000 	C:\Program Files\Java\jdk1.8.0_25\bin\javaw.exe
0x00007fff753b0000 - 0x00007fff7555c000 	C:\Windows\SYSTEM32\ntdll.dll
0x00007fff72a40000 - 0x00007fff72b7e000 	C:\Windows\system32\KERNEL32.DLL
0x00007fff72820000 - 0x00007fff72935000 	C:\Windows\system32\KERNELBASE.dll
0x00007fff710b0000 - 0x00007fff7113e000 	C:\Windows\system32\apphelp.dll
0x00007fff65390000 - 0x00007fff653e3000 	C:\Windows\AppPatch\AppPatch64\AcGenral.DLL
0x00007fff74ee0000 - 0x00007fff74f8a000 	C:\Windows\system32\msvcrt.dll
0x00007fff72340000 - 0x00007fff7236e000 	C:\Windows\SYSTEM32\SspiCli.dll
0x00007fff72f90000 - 0x00007fff72fe4000 	C:\Windows\system32\SHLWAPI.dll
0x00007fff72c90000 - 0x00007fff72e07000 	C:\Windows\system32\USER32.dll
0x00007fff75210000 - 0x00007fff753a4000 	C:\Windows\system32\ole32.dll
0x00007fff73490000 - 0x00007fff749a9000 	C:\Windows\system32\SHELL32.dll
0x00007fff71b10000 - 0x00007fff71b31000 	C:\Windows\SYSTEM32\USERENV.dll
0x00007fff74e10000 - 0x00007fff74eba000 	C:\Windows\system32\ADVAPI32.dll
0x00007fff686c0000 - 0x00007fff686de000 	C:\Windows\SYSTEM32\MPR.dll
0x00007fff749b0000 - 0x00007fff74af1000 	C:\Windows\system32\RPCRT4.dll
0x00007fff74cc0000 - 0x00007fff74d19000 	C:\Windows\SYSTEM32\sechost.dll
0x00007fff74f90000 - 0x00007fff751a1000 	C:\Windows\SYSTEM32\combase.dll
0x00007fff72ff0000 - 0x00007fff73140000 	C:\Windows\system32\GDI32.dll
0x00007fff72510000 - 0x00007fff72525000 	C:\Windows\SYSTEM32\profapi.dll
0x00007fff70a60000 - 0x00007fff70b12000 	C:\Windows\SYSTEM32\SHCORE.dll
0x00007fff72c50000 - 0x00007fff72c86000 	C:\Windows\system32\IMM32.DLL
0x00007fff73330000 - 0x00007fff73482000 	C:\Windows\system32\MSCTF.dll
0x00007fff6fe30000 - 0x00007fff700aa000 	C:\Windows\WinSxS\amd64_microsoft.windows.common-controls_6595b64144ccf1df_6.0.9600.17810_none_6240b9c7ecbd0bda\COMCTL32.dll
0x000000006ec90000 - 0x000000006ed62000 	C:\Program Files\Java\jdk1.8.0_25\jre\bin\msvcr100.dll
0x000000006c990000 - 0x000000006d1ea000 	C:\Program Files\Java\jdk1.8.0_25\jre\bin\server\jvm.dll
0x00007fff69f40000 - 0x00007fff69f49000 	C:\Windows\SYSTEM32\WSOCK32.dll
0x00007fff6de40000 - 0x00007fff6de62000 	C:\Windows\SYSTEM32\WINMM.dll
0x00007fff73140000 - 0x00007fff73147000 	C:\Windows\system32\PSAPI.DLL
0x00007fff751b0000 - 0x00007fff7520a000 	C:\Windows\system32\WS2_32.dll
0x00007fff6db00000 - 0x00007fff6db2a000 	C:\Windows\SYSTEM32\WINMMBASE.dll
0x00007fff74b00000 - 0x00007fff74b09000 	C:\Windows\system32\NSI.dll
0x00007fff72940000 - 0x00007fff7298f000 	C:\Windows\SYSTEM32\cfgmgr32.dll
0x00007fff71300000 - 0x00007fff71328000 	C:\Windows\SYSTEM32\DEVOBJ.dll
0x0000000070e20000 - 0x0000000070e2f000 	C:\Program Files\Java\jdk1.8.0_25\jre\bin\verify.dll
0x000000006f0d0000 - 0x000000006f0f8000 	C:\Program Files\Java\jdk1.8.0_25\jre\bin\java.dll
0x0000000070730000 - 0x0000000070746000 	C:\Program Files\Java\jdk1.8.0_25\jre\bin\zip.dll
0x00007fff6e170000 - 0x00007fff6e2f9000 	C:\Windows\SYSTEM32\dbghelp.dll

VM Arguments:
jvm_args: -Dfile.encoding=Cp1252 -Xbootclasspath:C:\Users\Shane\AppData\Local\Android\android-sdk\platforms\android-21\android.jar 
java_command: com.programme.RestClientTester
java_class_path (initial): C:\Users\Shane\workspace\ProgrammeApplication\bin\classes;C:\Users\Shane\workspace\appcompat_v7\libs\android-support-v4.jar;C:\Users\Shane\workspace\appcompat_v7\libs\android-support-v7-appcompat.jar;C:\Users\Shane\workspace\ProgrammeApplication\libs\gson-1.1.jar;C:\Users\Shane\workspace\appcompat_v7\bin\appcompat_v7.jar
Launcher Type: SUN_STANDARD

Environment Variables:
JAVA_HOME=C:\Program Files\Java\jdk1.8.0_25\bin
PATH=C:\ProgramData\Oracle\Java\javapath;C:\Windows\system32;C:\Windows;C:\Windows\System32\Wbem;C:\Windows\System32\WindowsPowerShell\v1.0\;C:\Program Files (x86)\Acer\abFiles\;C:\Program Files (x86)\ATI Technologies\ATI.ACE\Core-Static;C:\dev\apache-ant-1.9.4\bin;C:\Program Files\Java\jdk1.8.0_25\bin
USERNAME=Shane
OS=Windows_NT
PROCESSOR_IDENTIFIER=AMD64 Family 21 Model 48 Stepping 1, AuthenticAMD



---------------  S Y S T E M  ---------------

OS: Windows 8.1 , 64 bit Build 9600 

CPU:total 4 (4 cores per cpu, 1 threads per core) family 21 model 48 stepping 1, cmov, cx8, fxsr, mmx, sse, sse2, sse3, ssse3, sse4.1, sse4.2, popcnt, avx, aes, clmul, mmxext, 3dnowpref, lzcnt, sse4a, tsc, tscinvbit, tscinv, bmi1

Memory: 4k page, physical 7285000k(2967596k free), swap 8464648k(3044800k free)

vm_info: Java HotSpot(TM) 64-Bit Server VM (25.25-b02) for windows-amd64 JRE (1.8.0_25-b18), built on Oct  7 2014 14:25:37 by "java_re" with MS VC++ 10.0 (VS2010)

time: Wed Aug 05 22:28:56 2015
elapsed time: 0 seconds (0d 0h 0m 0s)

